# JRE version: OpenJDK Runtime Environment (11.0.10) (build 11.0.10+0-b96-7249189)
# Java VM: OpenJDK 64-Bit Server VM (11.0.10+0-b96-7249189, mixed mode, tiered, compressed oops, g1 gc, windows-amd64)
Heap:
 garbage-first heap   total 256000K, used 72158K [0x0000000080000000, 0x0000000100000000)
  region size 1024K, 56 young (57344K), 13 survivors (13312K)
 Metaspace       used 47004K, capacity 48199K, committed 48460K, reserved 1091584K
  class space    used 5996K, capacity 6435K, committed 6476K, reserved 1048576K
GC Heap History (10 events):
Event: 0.808 GC heap before
{Heap before GC invocations=0 (full 0):
 garbage-first heap   total 256000K, used 29696K [0x0000000080000000, 0x0000000100000000)
  region size 1024K, 24 young (24576K), 0 survivors (0K)
 Metaspace       used 9811K, capacity 9986K, committed 10112K, reserved 1058816K
  class space    used 1021K, capacity 1102K, committed 1152K, reserved 1048576K
}
Event: 0.812 GC heap after
{Heap after GC invocations=1 (full 0):
 garbage-first heap   total 256000K, used 9377K [0x0000000080000000, 0x0000000100000000)
  region size 1024K, 3 young (3072K), 3 survivors (3072K)
 Metaspace       used 9811K, capacity 9986K, committed 10112K, reserved 1058816K
  class space    used 1021K, capacity 1102K, committed 1152K, reserved 1048576K
}
Event: 4.219 GC heap before
{Heap before GC invocations=1 (full 0):
 garbage-first heap   total 256000K, used 106657K [0x0000000080000000, 0x0000000100000000)
  region size 1024K, 99 young (101376K), 3 survivors (3072K)
 Metaspace       used 20635K, capacity 21118K, committed 21248K, reserved 1067008K
  class space    used 2518K, capacity 2720K, committed 2816K, reserved 1048576K
}
Event: 4.234 GC heap after
{Heap after GC invocations=2 (full 0):
 garbage-first heap   total 256000K, used 16949K [0x0000000080000000, 0x0000000100000000)
  region size 1024K, 11 young (11264K), 11 survivors (11264K)
 Metaspace       used 20635K, capacity 21118K, committed 21248K, reserved 1067008K
  class space    used 2518K, capacity 2720K, committed 2816K, reserved 1048576K
}
Event: 5.722 GC heap before
{Heap before GC invocations=3 (full 0):
 garbage-first heap   total 256000K, used 80437K [0x0000000080000000, 0x0000000100000000)
  region size 1024K, 73 young (74752K), 11 survivors (11264K)
 Metaspace       used 26615K, capacity 27263K, committed 27392K, reserved 1073152K
  class space    used 3506K, capacity 3755K, committed 3840K, reserved 1048576K
}
Event: 5.735 GC heap after
{Heap after GC invocations=4 (full 0):
 garbage-first heap   total 256000K, used 18917K [0x0000000080000000, 0x0000000100000000)
  region size 1024K, 3 young (3072K), 3 survivors (3072K)
 Metaspace       used 26615K, capacity 27263K, committed 27392K, reserved 1073152K
  class space    used 3506K, capacity 3755K, committed 3840K, reserved 1048576K
}
Event: 6.995 GC heap before
{Heap before GC invocations=4 (full 0):
 garbage-first heap   total 256000K, used 64997K [0x0000000080000000, 0x0000000100000000)
  region size 1024K, 50 young (51200K), 3 survivors (3072K)
 Metaspace       used 35061K, capacity 35830K, committed 35840K, reserved 1081344K
  class space    used 4541K, capacity 4864K, committed 4864K, reserved 1048576K
}
Event: 7.009 GC heap after
{Heap after GC invocations=5 (full 0):
 garbage-first heap   total 256000K, used 22024K [0x0000000080000000, 0x0000000100000000)
  region size 1024K, 6 young (6144K), 6 survivors (6144K)
 Metaspace       used 35061K, capacity 35830K, committed 35840K, reserved 1081344K
  class space    used 4541K, capacity 4864K, committed 4864K, reserved 1048576K
}
Event: 9.237 GC heap before
{Heap before GC invocations=6 (full 0):
 garbage-first heap   total 256000K, used 146952K [0x0000000080000000, 0x0000000100000000)
  region size 1024K, 125 young (128000K), 6 survivors (6144K)
 Metaspace       used 44750K, capacity 45842K, committed 46156K, reserved 1089536K
  class space    used 5751K, capacity 6146K, committed 6220K, reserved 1048576K
}
Event: 9.249 GC heap after
{Heap after GC invocations=7 (full 0):
 garbage-first heap   total 256000K, used 29150K [0x0000000080000000, 0x0000000100000000)
  region size 1024K, 13 young (13312K), 13 survivors (13312K)
 Metaspace       used 44750K, capacity 45842K, committed 46156K, reserved 1089536K
  class space    used 5751K, capacity 6146K, committed 6220K, reserved 1048576K
}

