# JRE version: OpenJDK Runtime Environment (15.0.2+7) (build 15.0.2+7-27)
# Java VM: OpenJDK 64-Bit Server VM (15.0.2+7-27, mixed mode, sharing, tiered, compressed oops, g1 gc, windows-amd64)
GC Precious Log:
 CPUs: 8 total, 8 available
 Memory: 15993M
 Large Page Support: Disabled
 NUMA Support: Disabled
 Compressed Oops: Enabled (32-bit)
 Heap Region Size: 1M
 Heap Min Capacity: 8M
 Heap Initial Capacity: 250M
 Heap Max Capacity: 2G
 Pre-touch: Disabled
 Parallel Workers: 8
 Concurrent Workers: 2
 Concurrent Refinement Workers: 8
 Periodic GC: Disabled
Heap:
 garbage-first heap   total 99328K, used 65564K [0x0000000080000000, 0x0000000100000000)
  region size 1024K, 14 young (14336K), 3 survivors (3072K)
 Metaspace       used 57899K, capacity 58660K, committed 58800K, reserved 1099776K
  class space    used 7396K, capacity 7613K, committed 7680K, reserved 1048576K
GC Heap History (20 events):
Event: 6.624 GC heap before
{Heap before GC invocations=9 (full 0):
 garbage-first heap   total 75776K, used 55793K [0x0000000080000000, 0x0000000100000000)
  region size 1024K, 30 young (30720K), 3 survivors (3072K)
 Metaspace       used 38089K, capacity 38736K, committed 39088K, reserved 1083392K
  class space    used 5068K, capacity 5256K, committed 5376K, reserved 1048576K
}
Event: 6.628 GC heap after
{Heap after GC invocations=10 (full 0):
 garbage-first heap   total 75776K, used 30129K [0x0000000080000000, 0x0000000100000000)
  region size 1024K, 3 young (3072K), 3 survivors (3072K)
 Metaspace       used 38089K, capacity 38736K, committed 39088K, reserved 1083392K
  class space    used 5068K, capacity 5256K, committed 5376K, reserved 1048576K
}
Event: 7.381 GC heap before
{Heap before GC invocations=10 (full 0):
 garbage-first heap   total 75776K, used 59825K [0x0000000080000000, 0x0000000100000000)
  region size 1024K, 28 young (28672K), 3 survivors (3072K)
 Metaspace       used 38755K, capacity 39392K, committed 39600K, reserved 1083392K
  class space    used 5135K, capacity 5324K, committed 5376K, reserved 1048576K
}
Event: 7.387 GC heap after
{Heap after GC invocations=11 (full 0):
 garbage-first heap   total 75776K, used 43061K [0x0000000080000000, 0x0000000100000000)
  region size 1024K, 4 young (4096K), 4 survivors (4096K)
 Metaspace       used 38755K, capacity 39392K, committed 39600K, reserved 1083392K
  class space    used 5135K, capacity 5324K, committed 5376K, reserved 1048576K
}
Event: 7.814 GC heap before
{Heap before GC invocations=12 (full 0):
 garbage-first heap   total 78848K, used 58421K [0x0000000080000000, 0x0000000100000000)
  region size 1024K, 18 young (18432K), 4 survivors (4096K)
 Metaspace       used 40187K, capacity 40959K, committed 41136K, reserved 1085440K
  class space    used 5325K, capacity 5576K, committed 5632K, reserved 1048576K
}
Event: 7.818 GC heap after
{Heap after GC invocations=13 (full 0):
 garbage-first heap   total 78848K, used 47818K [0x0000000080000000, 0x0000000100000000)
  region size 1024K, 3 young (3072K), 3 survivors (3072K)
 Metaspace       used 40187K, capacity 40959K, committed 41136K, reserved 1085440K
  class space    used 5325K, capacity 5576K, committed 5632K, reserved 1048576K
}
Event: 8.138 GC heap before
{Heap before GC invocations=13 (full 0):
 garbage-first heap   total 78848K, used 61130K [0x0000000080000000, 0x0000000100000000)
  region size 1024K, 16 young (16384K), 3 survivors (3072K)
 Metaspace       used 42231K, capacity 42993K, committed 43184K, reserved 1087488K
  class space    used 5559K, capacity 5805K, committed 5888K, reserved 1048576K
}
Event: 8.141 GC heap after
{Heap after GC invocations=14 (full 0):
 garbage-first heap   total 78848K, used 48216K [0x0000000080000000, 0x0000000100000000)
  region size 1024K, 1 young (1024K), 1 survivors (1024K)
 Metaspace       used 42231K, capacity 42993K, committed 43184K, reserved 1087488K
  class space    used 5559K, capacity 5805K, committed 5888K, reserved 1048576K
}
Event: 8.641 GC heap before
{Heap before GC invocations=15 (full 0):
 garbage-first heap   total 86016K, used 60504K [0x0000000080000000, 0x0000000100000000)
  region size 1024K, 14 young (14336K), 1 survivors (1024K)
 Metaspace       used 44725K, capacity 45600K, committed 45744K, reserved 1089536K
  class space    used 5879K, capacity 6137K, committed 6144K, reserved 1048576K
}
Event: 8.644 GC heap after
{Heap after GC invocations=16 (full 0):
 garbage-first heap   total 86016K, used 48876K [0x0000000080000000, 0x0000000100000000)
  region size 1024K, 2 young (2048K), 2 survivors (2048K)
 Metaspace       used 44725K, capacity 45600K, committed 45744K, reserved 1089536K
  class space    used 5879K, capacity 6137K, committed 6144K, reserved 1048576K
}
Event: 9.130 GC heap before
{Heap before GC invocations=16 (full 0):
 garbage-first heap   total 86016K, used 65260K [0x0000000080000000, 0x0000000100000000)
  region size 1024K, 19 young (19456K), 2 survivors (2048K)
 Metaspace       used 48092K, capacity 48844K, committed 49200K, reserved 1091584K
  class space    used 6197K, capacity 6427K, committed 6528K, reserved 1048576K
}
Event: 9.133 GC heap after
{Heap after GC invocations=17 (full 0):
 garbage-first heap   total 86016K, used 49615K [0x0000000080000000, 0x0000000100000000)
  region size 1024K, 2 young (2048K), 2 survivors (2048K)
 Metaspace       used 48092K, capacity 48844K, committed 49200K, reserved 1091584K
  class space    used 6197K, capacity 6427K, committed 6528K, reserved 1048576K
}
Event: 9.683 GC heap before
{Heap before GC invocations=18 (full 0):
 garbage-first heap   total 87040K, used 67023K [0x0000000080000000, 0x0000000100000000)
  region size 1024K, 20 young (20480K), 2 survivors (2048K)
 Metaspace       used 51830K, capacity 52669K, committed 52784K, reserved 1095680K
  class space    used 6679K, capacity 6928K, committed 7040K, reserved 1048576K
}
Event: 9.688 GC heap after
{Heap after GC invocations=19 (full 0):
 garbage-first heap   total 87040K, used 51609K [0x0000000080000000, 0x0000000100000000)
  region size 1024K, 3 young (3072K), 3 survivors (3072K)
 Metaspace       used 51830K, capacity 52669K, committed 52784K, reserved 1095680K
  class space    used 6679K, capacity 6928K, committed 7040K, reserved 1048576K
}
Event: 9.983 GC heap before
{Heap before GC invocations=19 (full 0):
 garbage-first heap   total 87040K, used 69017K [0x0000000080000000, 0x0000000100000000)
  region size 1024K, 21 young (21504K), 3 survivors (3072K)
 Metaspace       used 53151K, capacity 54006K, committed 54192K, reserved 1095680K
  class space    used 6842K, capacity 7092K, committed 7168K, reserved 1048576K
}
Event: 9.987 GC heap after
{Heap after GC invocations=20 (full 0):
 garbage-first heap   total 87040K, used 53145K [0x0000000080000000, 0x0000000100000000)
  region size 1024K, 3 young (3072K), 3 survivors (3072K)
 Metaspace       used 53151K, capacity 54006K, committed 54192K, reserved 1095680K
  class space    used 6842K, capacity 7092K, committed 7168K, reserved 1048576K
}
Event: 10.300 GC heap before
{Heap before GC invocations=21 (full 0):
 garbage-first heap   total 96256K, used 68505K [0x0000000080000000, 0x0000000100000000)
  region size 1024K, 19 young (19456K), 3 survivors (3072K)
 Metaspace       used 54684K, capacity 55522K, committed 55600K, reserved 1097728K
  class space    used 7003K, capacity 7254K, committed 7296K, reserved 1048576K
}
Event: 10.305 GC heap after
{Heap after GC invocations=22 (full 0):
 garbage-first heap   total 96256K, used 54978K [0x0000000080000000, 0x0000000100000000)
  region size 1024K, 2 young (2048K), 2 survivors (2048K)
 Metaspace       used 54684K, capacity 55522K, committed 55600K, reserved 1097728K
  class space    used 7003K, capacity 7254K, committed 7296K, reserved 1048576K
}
Event: 10.895 GC heap before
{Heap before GC invocations=23 (full 0):
 garbage-first heap   total 99328K, used 77506K [0x0000000080000000, 0x0000000100000000)
  region size 1024K, 23 young (23552K), 2 survivors (2048K)
 Metaspace       used 57183K, capacity 57938K, committed 58160K, reserved 1099776K
  class space    used 7321K, capacity 7545K, committed 7552K, reserved 1048576K
}
Event: 10.898 GC heap after
{Heap after GC invocations=24 (full 0):
 garbage-first heap   total 99328K, used 55324K [0x0000000080000000, 0x0000000100000000)
  region size 1024K, 3 young (3072K), 3 survivors (3072K)
 Metaspace       used 57183K, capacity 57938K, committed 58160K, reserved 1099776K
  class space    used 7321K, capacity 7545K, committed 7552K, reserved 1048576K
}

